<?xml version="1.0" encoding="UTF-8"?>
<!-- Generated by org.testng.reporters.JUnitReportReporter -->
<testsuite hostname="OM-SAI-RAM" failures="0" tests="5" name="vTiger.OrganizationsTests.CreateMultipleOrganizationWithIndustryTest" time="51.751" errors="0" timestamp="2023-08-30T23:47:46 IST" skipped="0">
  <testcase classname="vTiger.OrganizationsTests.CreateMultipleOrganizationWithIndustryTest" name="createMultipleOrganizationWithIndustryTest" time="10.253"/>
  <system-out/>
  <testcase classname="vTiger.OrganizationsTests.CreateMultipleOrganizationWithIndustryTest" name="createMultipleOrganizationWithIndustryTest" time="10.321"/>
  <system-out/>
  <testcase classname="vTiger.OrganizationsTests.CreateMultipleOrganizationWithIndustryTest" name="createMultipleOrganizationWithIndustryTest" time="10.229"/>
  <system-out/>
  <testcase classname="vTiger.OrganizationsTests.CreateMultipleOrganizationWithIndustryTest" name="createMultipleOrganizationWithIndustryTest" time="10.499"/>
  <system-out/>
  <testcase classname="vTiger.OrganizationsTests.CreateMultipleOrganizationWithIndustryTest" name="createMultipleOrganizationWithIndustryTest" time="10.449"/>
  <system-out/>
</testsuite> <!-- vTiger.OrganizationsTests.CreateMultipleOrganizationWithIndustryTest -->
