<?xml version="1.0" encoding="UTF-8"?>
<!-- Generated by org.testng.reporters.JUnitReportReporter -->
<testsuite hostname="OM-SAI-RAM" failures="0" tests="1" name="vTiger.OrganizationsTests.CreateMultipleOrganizationWithIndustry" time="14.639" errors="0" timestamp="2023-08-30T23:21:44 IST" skipped="0">
  <testcase classname="vTiger.OrganizationsTests.CreateMultipleOrganizationWithIndustry" name="createMultipleOrganization" time="14.639"/>
  <system-out/>
</testsuite> <!-- vTiger.OrganizationsTests.CreateMultipleOrganizationWithIndustry -->
