<?xml version="1.0" encoding="UTF-8"?>
<!-- Generated by org.testng.reporters.JUnitReportReporter -->
<testsuite hostname="OM-SAI-RAM" failures="0" tests="1" name="vTiger.OrganizationsTests.CreateOrganizationWithIndustryTest" time="22.253" errors="0" timestamp="2023-08-01T03:03:23 IST" skipped="0">
  <testcase classname="vTiger.OrganizationsTests.CreateOrganizationWithIndustryTest" name="createOrganizationWithIndustryTest" time="22.253"/>
  <system-out/>
</testsuite> <!-- vTiger.OrganizationsTests.CreateOrganizationWithIndustryTest -->
