<?xml version="1.0" encoding="UTF-8"?>
<!-- Generated by org.testng.reporters.JUnitReportReporter -->
<testsuite hostname="OM-SAI-RAM" failures="0" tests="1" name="vtigerPractice.AssertionsPractice" time="0.010" errors="0" timestamp="2023-08-09T02:53:38 IST" skipped="0">
  <testcase classname="vtigerPractice.AssertionsPractice" name="sampleTest" time="0.010"/>
  <system-out/>
</testsuite> <!-- vtigerPractice.AssertionsPractice -->
