<?xml version="1.0" encoding="UTF-8"?>
<!-- Generated by org.testng.reporters.JUnitReportReporter -->
<testsuite hostname="OM-SAI-RAM" failures="0" tests="4" name="vtigerPractice.TestNGPractice" time="0.026" errors="0" timestamp="2023-08-23T22:37:42 IST" skipped="0">
  <testcase classname="vtigerPractice.TestNGPractice" name="createCustomer" time="0.020"/>
  <system-out/>
  <testcase classname="vtigerPractice.TestNGPractice" name="createCustomer" time="0.003"/>
  <system-out/>
  <testcase classname="vtigerPractice.TestNGPractice" name="deleteCustomer" time="0.002"/>
  <system-out/>
  <testcase classname="vtigerPractice.TestNGPractice" name="modifyCustomer" time="0.001"/>
  <system-out/>
</testsuite> <!-- vtigerPractice.TestNGPractice -->
