<?xml version="1.0" encoding="UTF-8"?>
<!-- Generated by org.testng.reporters.JUnitReportReporter -->
<testsuite hostname="OM-SAI-RAM" failures="0" tests="3" name="vtigerPractice.DataProviderPractice" time="0.015" errors="0" timestamp="2023-08-01T02:59:32 IST" skipped="0">
  <testcase classname="vtigerPractice.DataProviderPractice" name="addToCartTest" time="0.002"/>
  <system-out/>
  <testcase classname="vtigerPractice.DataProviderPractice" name="addToCartTest" time="0.001"/>
  <system-out/>
  <testcase classname="vtigerPractice.DataProviderPractice" name="addToCartTest" time="0.012"/>
  <system-out/>
</testsuite> <!-- vtigerPractice.DataProviderPractice -->
