<?xml version="1.0" encoding="UTF-8"?>
<!-- Generated by org.testng.reporters.JUnitReportReporter -->
<testsuite hostname="OM-SAI-RAM" failures="0" tests="1" name="vTiger.OrganizationsTests.CreateOrganizationWithIndustryTest" time="11.205" errors="0" timestamp="2023-08-23T23:11:37 IST" skipped="0">
  <testcase classname="vTiger.OrganizationsTests.CreateOrganizationWithIndustryTest" name="createOrganizationWithIndustryTest" time="11.205"/>
  <system-out/>
</testsuite> <!-- vTiger.OrganizationsTests.CreateOrganizationWithIndustryTest -->
