<?xml version="1.0" encoding="UTF-8"?>
<!-- Generated by org.testng.reporters.JUnitReportReporter -->
<testsuite hostname="OM-SAI-RAM" failures="0" tests="1" name="vTiger.OrganizationsTests.CreateMultipleOrganizationWithIndustry" time="0.000" errors="0" timestamp="2023-08-01T02:59:32 IST" skipped="1">
  <testcase classname="vTiger.OrganizationsTests.CreateMultipleOrganizationWithIndustry" name="createMultipleOrganization" time="0.000">
    <skipped/>
  </testcase> <!-- createMultipleOrganization -->
  <system-out/>
</testsuite> <!-- vTiger.OrganizationsTests.CreateMultipleOrganizationWithIndustry -->
