<?xml version="1.0" encoding="UTF-8"?>
<!-- Generated by org.testng.reporters.JUnitReportReporter -->
<testsuite hostname="OM-SAI-RAM" failures="0" tests="1" name="vtigerPractice.ReadDataFromCmdLineTest" time="0.000" errors="0" timestamp="2023-08-09T02:44:16 IST" skipped="0">
  <testcase classname="vtigerPractice.ReadDataFromCmdLineTest" name="read" time="0.000"/>
  <system-out/>
</testsuite> <!-- vtigerPractice.ReadDataFromCmdLineTest -->
