<?xml version="1.0" encoding="UTF-8"?>
<!-- Generated by org.testng.reporters.JUnitReportReporter -->
<testsuite hostname="OM-SAI-RAM" failures="0" tests="5" name="vTiger.OrganizationsTests.CreateMultipleOrganizationWithIndustryTest" time="53.987" errors="0" timestamp="2023-08-23T23:11:06 IST" skipped="0">
  <testcase classname="vTiger.OrganizationsTests.CreateMultipleOrganizationWithIndustryTest" name="createMultipleOrganizationWithIndustryTest" time="11.268"/>
  <system-out/>
  <testcase classname="vTiger.OrganizationsTests.CreateMultipleOrganizationWithIndustryTest" name="createMultipleOrganizationWithIndustryTest" time="10.395"/>
  <system-out/>
  <testcase classname="vTiger.OrganizationsTests.CreateMultipleOrganizationWithIndustryTest" name="createMultipleOrganizationWithIndustryTest" time="10.515"/>
  <system-out/>
  <testcase classname="vTiger.OrganizationsTests.CreateMultipleOrganizationWithIndustryTest" name="createMultipleOrganizationWithIndustryTest" time="10.935"/>
  <system-out/>
  <testcase classname="vTiger.OrganizationsTests.CreateMultipleOrganizationWithIndustryTest" name="createMultipleOrganizationWithIndustryTest" time="10.874"/>
  <system-out/>
</testsuite> <!-- vTiger.OrganizationsTests.CreateMultipleOrganizationWithIndustryTest -->
